2025-02-22T16:31:40.296+05:00  INFO 61184 --- [Edu_platform] [main] c.e.e.EduPlatformApplicationTests        : Starting EduPlatformApplicationTests using Java 17.0.8 with PID 61184 (started by HP in D:\Java code\edu_platform)
2025-02-22T16:31:40.303+05:00  INFO 61184 --- [Edu_platform] [main] c.e.e.EduPlatformApplicationTests        : No active profile set, falling back to 1 default profile: "default"
2025-02-22T16:31:42.067+05:00  INFO 61184 --- [Edu_platform] [main] .s.d.r.c.RepositoryConfigurationDelegate : Bootstrapping Spring Data JPA repositories in DEFAULT mode.
2025-02-22T16:31:42.269+05:00  INFO 61184 --- [Edu_platform] [main] .s.d.r.c.RepositoryConfigurationDelegate : Finished Spring Data repository scanning in 188 ms. Found 21 JPA repository interfaces.
2025-02-22T16:31:43.295+05:00  INFO 61184 --- [Edu_platform] [main] o.hibernate.jpa.internal.util.LogHelper  : HHH000204: Processing PersistenceUnitInfo [name: default]
2025-02-22T16:31:43.376+05:00  INFO 61184 --- [Edu_platform] [main] org.hibernate.Version                    : HHH000412: Hibernate ORM core version 6.6.5.Final
2025-02-22T16:31:43.437+05:00  INFO 61184 --- [Edu_platform] [main] o.h.c.internal.RegionFactoryInitiator    : HHH000026: Second-level cache disabled
2025-02-22T16:31:43.910+05:00  INFO 61184 --- [Edu_platform] [main] o.s.o.j.p.SpringPersistenceUnitInfo      : No LoadTimeWeaver setup: ignoring JPA class transformer
2025-02-22T16:31:43.962+05:00  INFO 61184 --- [Edu_platform] [main] com.zaxxer.hikari.HikariDataSource       : HikariPool-1 - Starting...
2025-02-22T16:31:44.235+05:00  INFO 61184 --- [Edu_platform] [main] com.zaxxer.hikari.pool.HikariPool        : HikariPool-1 - Added connection org.postgresql.jdbc.PgConnection@77998ea7
2025-02-22T16:31:44.237+05:00  INFO 61184 --- [Edu_platform] [main] com.zaxxer.hikari.HikariDataSource       : HikariPool-1 - Start completed.
2025-02-22T16:31:44.319+05:00  INFO 61184 --- [Edu_platform] [main] org.hibernate.orm.connections.pooling    : HHH10001005: Database info:
	Database JDBC URL [Connecting through datasource 'HikariDataSource (HikariPool-1)']
	Database driver: undefined/unknown
	Database version: 14.0
	Autocommit mode: undefined/unknown
	Isolation level: undefined/unknown
	Minimum pool size: undefined/unknown
	Maximum pool size: undefined/unknown
2025-02-22T16:31:46.339+05:00  INFO 61184 --- [Edu_platform] [main] o.h.e.t.j.p.i.JtaPlatformInitiator       : HHH000489: No JTA platform available (set 'hibernate.transaction.jta.platform' to enable JTA platform integration)
2025-02-22T16:31:50.541+05:00  INFO 61184 --- [Edu_platform] [main] j.LocalContainerEntityManagerFactoryBean : Initialized JPA EntityManagerFactory for persistence unit 'default'
2025-02-22T16:31:50.967+05:00  INFO 61184 --- [Edu_platform] [main] o.s.d.j.r.query.QueryEnhancerFactory     : Hibernate is in classpath; If applicable, HQL parser will be used.
2025-02-22T16:31:53.240+05:00  INFO 61184 --- [Edu_platform] [main] eAuthenticationProviderManagerConfigurer : Global AuthenticationManager configured with AuthenticationProvider bean with name authenticationProvider
2025-02-22T16:31:53.240+05:00  WARN 61184 --- [Edu_platform] [main] r$InitializeUserDetailsManagerConfigurer : Global AuthenticationManager configured with an AuthenticationProvider bean. UserDetailsService beans will not be used by Spring Security for automatically configuring username/password login. Consider removing the AuthenticationProvider bean. Alternatively, consider using the UserDetailsService in a manually instantiated DaoAuthenticationProvider. If the current configuration is intentional, to turn off this warning, increase the logging level of 'org.springframework.security.config.annotation.authentication.configuration.InitializeUserDetailsBeanManagerConfigurer' to ERROR
2025-02-22T16:31:54.615+05:00  INFO 61184 --- [Edu_platform] [main] c.e.e.EduPlatformApplicationTests        : Started EduPlatformApplicationTests in 14.768 seconds (process running for 16.157)
2025-02-22T16:31:55.294+05:00  INFO 61184 --- [Edu_platform] [SpringApplicationShutdownHook] j.LocalContainerEntityManagerFactoryBean : Closing JPA EntityManagerFactory for persistence unit 'default'
2025-02-22T16:31:55.294+05:00  INFO 61184 --- [Edu_platform] [SpringApplicationShutdownHook] com.zaxxer.hikari.HikariDataSource       : HikariPool-1 - Shutdown initiated...
2025-02-22T16:31:55.294+05:00  INFO 61184 --- [Edu_platform] [SpringApplicationShutdownHook] com.zaxxer.hikari.HikariDataSource       : HikariPool-1 - Shutdown completed.
2025-02-22T16:51:43.849+05:00  INFO 28548 --- [Edu_platform] [main] c.e.e.EduPlatformApplicationTests        : Starting EduPlatformApplicationTests using Java 17.0.8 with PID 28548 (started by HP in D:\Java code\edu_platform)
2025-02-22T16:51:43.865+05:00  INFO 28548 --- [Edu_platform] [main] c.e.e.EduPlatformApplicationTests        : No active profile set, falling back to 1 default profile: "default"
2025-02-22T16:51:45.475+05:00  INFO 28548 --- [Edu_platform] [main] .s.d.r.c.RepositoryConfigurationDelegate : Bootstrapping Spring Data JPA repositories in DEFAULT mode.
2025-02-22T16:51:45.681+05:00  INFO 28548 --- [Edu_platform] [main] .s.d.r.c.RepositoryConfigurationDelegate : Finished Spring Data repository scanning in 195 ms. Found 21 JPA repository interfaces.
2025-02-22T16:51:46.717+05:00  INFO 28548 --- [Edu_platform] [main] o.hibernate.jpa.internal.util.LogHelper  : HHH000204: Processing PersistenceUnitInfo [name: default]
2025-02-22T16:51:46.820+05:00  INFO 28548 --- [Edu_platform] [main] org.hibernate.Version                    : HHH000412: Hibernate ORM core version 6.6.5.Final
2025-02-22T16:51:46.886+05:00  INFO 28548 --- [Edu_platform] [main] o.h.c.internal.RegionFactoryInitiator    : HHH000026: Second-level cache disabled
2025-02-22T16:51:47.354+05:00  INFO 28548 --- [Edu_platform] [main] o.s.o.j.p.SpringPersistenceUnitInfo      : No LoadTimeWeaver setup: ignoring JPA class transformer
2025-02-22T16:51:47.386+05:00  INFO 28548 --- [Edu_platform] [main] com.zaxxer.hikari.HikariDataSource       : HikariPool-1 - Starting...
2025-02-22T16:51:47.670+05:00  INFO 28548 --- [Edu_platform] [main] com.zaxxer.hikari.pool.HikariPool        : HikariPool-1 - Added connection org.postgresql.jdbc.PgConnection@474619d9
2025-02-22T16:51:47.670+05:00  INFO 28548 --- [Edu_platform] [main] com.zaxxer.hikari.HikariDataSource       : HikariPool-1 - Start completed.
2025-02-22T16:51:47.750+05:00  INFO 28548 --- [Edu_platform] [main] org.hibernate.orm.connections.pooling    : HHH10001005: Database info:
	Database JDBC URL [Connecting through datasource 'HikariDataSource (HikariPool-1)']
	Database driver: undefined/unknown
	Database version: 14.0
	Autocommit mode: undefined/unknown
	Isolation level: undefined/unknown
	Minimum pool size: undefined/unknown
	Maximum pool size: undefined/unknown
2025-02-22T16:51:49.663+05:00  INFO 28548 --- [Edu_platform] [main] o.h.e.t.j.p.i.JtaPlatformInitiator       : HHH000489: No JTA platform available (set 'hibernate.transaction.jta.platform' to enable JTA platform integration)
2025-02-22T16:51:53.269+05:00  INFO 28548 --- [Edu_platform] [main] j.LocalContainerEntityManagerFactoryBean : Initialized JPA EntityManagerFactory for persistence unit 'default'
2025-02-22T16:51:53.704+05:00  INFO 28548 --- [Edu_platform] [main] o.s.d.j.r.query.QueryEnhancerFactory     : Hibernate is in classpath; If applicable, HQL parser will be used.
2025-02-22T16:51:55.833+05:00  INFO 28548 --- [Edu_platform] [main] eAuthenticationProviderManagerConfigurer : Global AuthenticationManager configured with AuthenticationProvider bean with name authenticationProvider
2025-02-22T16:51:55.835+05:00  WARN 28548 --- [Edu_platform] [main] r$InitializeUserDetailsManagerConfigurer : Global AuthenticationManager configured with an AuthenticationProvider bean. UserDetailsService beans will not be used by Spring Security for automatically configuring username/password login. Consider removing the AuthenticationProvider bean. Alternatively, consider using the UserDetailsService in a manually instantiated DaoAuthenticationProvider. If the current configuration is intentional, to turn off this warning, increase the logging level of 'org.springframework.security.config.annotation.authentication.configuration.InitializeUserDetailsBeanManagerConfigurer' to ERROR
2025-02-22T16:51:57.221+05:00  INFO 28548 --- [Edu_platform] [main] c.e.e.EduPlatformApplicationTests        : Started EduPlatformApplicationTests in 13.792 seconds (process running for 15.293)
2025-02-22T16:51:57.947+05:00  INFO 28548 --- [Edu_platform] [SpringApplicationShutdownHook] j.LocalContainerEntityManagerFactoryBean : Closing JPA EntityManagerFactory for persistence unit 'default'
2025-02-22T16:51:57.951+05:00  INFO 28548 --- [Edu_platform] [SpringApplicationShutdownHook] com.zaxxer.hikari.HikariDataSource       : HikariPool-1 - Shutdown initiated...
2025-02-22T16:51:57.955+05:00  INFO 28548 --- [Edu_platform] [SpringApplicationShutdownHook] com.zaxxer.hikari.HikariDataSource       : HikariPool-1 - Shutdown completed.
2025-02-22T17:18:40.874+05:00  INFO 49284 --- [Edu_platform] [main] c.e.e.EduPlatformApplicationTests        : Starting EduPlatformApplicationTests using Java 17.0.8 with PID 49284 (started by HP in D:\Java code\edu_platform)
2025-02-22T17:18:40.874+05:00  INFO 49284 --- [Edu_platform] [main] c.e.e.EduPlatformApplicationTests        : No active profile set, falling back to 1 default profile: "default"
2025-02-22T17:18:42.693+05:00  INFO 49284 --- [Edu_platform] [main] .s.d.r.c.RepositoryConfigurationDelegate : Bootstrapping Spring Data JPA repositories in DEFAULT mode.
2025-02-22T17:18:42.906+05:00  INFO 49284 --- [Edu_platform] [main] .s.d.r.c.RepositoryConfigurationDelegate : Finished Spring Data repository scanning in 198 ms. Found 21 JPA repository interfaces.
2025-02-22T17:18:43.917+05:00  INFO 49284 --- [Edu_platform] [main] o.hibernate.jpa.internal.util.LogHelper  : HHH000204: Processing PersistenceUnitInfo [name: default]
2025-02-22T17:18:44.055+05:00  INFO 49284 --- [Edu_platform] [main] org.hibernate.Version                    : HHH000412: Hibernate ORM core version 6.6.5.Final
2025-02-22T17:18:44.112+05:00  INFO 49284 --- [Edu_platform] [main] o.h.c.internal.RegionFactoryInitiator    : HHH000026: Second-level cache disabled
2025-02-22T17:18:44.637+05:00  INFO 49284 --- [Edu_platform] [main] o.s.o.j.p.SpringPersistenceUnitInfo      : No LoadTimeWeaver setup: ignoring JPA class transformer
2025-02-22T17:18:44.680+05:00  INFO 49284 --- [Edu_platform] [main] com.zaxxer.hikari.HikariDataSource       : HikariPool-1 - Starting...
2025-02-22T17:18:44.954+05:00  INFO 49284 --- [Edu_platform] [main] com.zaxxer.hikari.pool.HikariPool        : HikariPool-1 - Added connection org.postgresql.jdbc.PgConnection@63c4d16
2025-02-22T17:18:44.954+05:00  INFO 49284 --- [Edu_platform] [main] com.zaxxer.hikari.HikariDataSource       : HikariPool-1 - Start completed.
2025-02-22T17:18:45.060+05:00  INFO 49284 --- [Edu_platform] [main] org.hibernate.orm.connections.pooling    : HHH10001005: Database info:
	Database JDBC URL [Connecting through datasource 'HikariDataSource (HikariPool-1)']
	Database driver: undefined/unknown
	Database version: 14.0
	Autocommit mode: undefined/unknown
	Isolation level: undefined/unknown
	Minimum pool size: undefined/unknown
	Maximum pool size: undefined/unknown
2025-02-22T17:18:47.092+05:00  INFO 49284 --- [Edu_platform] [main] o.h.e.t.j.p.i.JtaPlatformInitiator       : HHH000489: No JTA platform available (set 'hibernate.transaction.jta.platform' to enable JTA platform integration)
2025-02-22T17:18:50.791+05:00  INFO 49284 --- [Edu_platform] [main] j.LocalContainerEntityManagerFactoryBean : Initialized JPA EntityManagerFactory for persistence unit 'default'
2025-02-22T17:18:51.223+05:00  INFO 49284 --- [Edu_platform] [main] o.s.d.j.r.query.QueryEnhancerFactory     : Hibernate is in classpath; If applicable, HQL parser will be used.
2025-02-22T17:18:53.440+05:00  INFO 49284 --- [Edu_platform] [main] eAuthenticationProviderManagerConfigurer : Global AuthenticationManager configured with AuthenticationProvider bean with name authenticationProvider
2025-02-22T17:18:53.440+05:00  WARN 49284 --- [Edu_platform] [main] r$InitializeUserDetailsManagerConfigurer : Global AuthenticationManager configured with an AuthenticationProvider bean. UserDetailsService beans will not be used by Spring Security for automatically configuring username/password login. Consider removing the AuthenticationProvider bean. Alternatively, consider using the UserDetailsService in a manually instantiated DaoAuthenticationProvider. If the current configuration is intentional, to turn off this warning, increase the logging level of 'org.springframework.security.config.annotation.authentication.configuration.InitializeUserDetailsBeanManagerConfigurer' to ERROR
2025-02-22T17:18:54.804+05:00  INFO 49284 --- [Edu_platform] [main] c.e.e.EduPlatformApplicationTests        : Started EduPlatformApplicationTests in 14.501 seconds (process running for 16.155)
2025-02-22T17:18:55.549+05:00  INFO 49284 --- [Edu_platform] [SpringApplicationShutdownHook] j.LocalContainerEntityManagerFactoryBean : Closing JPA EntityManagerFactory for persistence unit 'default'
2025-02-22T17:18:55.565+05:00  INFO 49284 --- [Edu_platform] [SpringApplicationShutdownHook] com.zaxxer.hikari.HikariDataSource       : HikariPool-1 - Shutdown initiated...
2025-02-22T17:18:55.565+05:00  INFO 49284 --- [Edu_platform] [SpringApplicationShutdownHook] com.zaxxer.hikari.HikariDataSource       : HikariPool-1 - Shutdown completed.
