2025-03-05T15:35:23.989+05:00  INFO 9644 --- [Edu_platform] [main] u.s.edu_platform.EduPlatformApplication  : Starting EduPlatformApplication using Java 21.0.6 with PID 9644 (C:\Users\User\Desktop\edu_platform\target\classes started by User in C:\Users\User\Desktop\edu_platform)
2025-03-05T15:35:23.991+05:00  INFO 9644 --- [Edu_platform] [main] u.s.edu_platform.EduPlatformApplication  : No active profile set, falling back to 1 default profile: "default"
2025-03-05T15:35:24.946+05:00  INFO 9644 --- [Edu_platform] [main] .s.d.r.c.RepositoryConfigurationDelegate : Bootstrapping Spring Data JPA repositories in DEFAULT mode.
2025-03-05T15:35:25.041+05:00  INFO 9644 --- [Edu_platform] [main] .s.d.r.c.RepositoryConfigurationDelegate : Finished Spring Data repository scanning in 86 ms. Found 21 JPA repository interfaces.
2025-03-05T15:35:25.663+05:00  INFO 9644 --- [Edu_platform] [main] o.s.b.w.embedded.tomcat.TomcatWebServer  : Tomcat initialized with port 8080 (http)
2025-03-05T15:35:25.675+05:00  INFO 9644 --- [Edu_platform] [main] o.apache.catalina.core.StandardService   : Starting service [Tomcat]
2025-03-05T15:35:25.676+05:00  INFO 9644 --- [Edu_platform] [main] o.apache.catalina.core.StandardEngine    : Starting Servlet engine: [Apache Tomcat/10.1.34]
2025-03-05T15:35:25.745+05:00  INFO 9644 --- [Edu_platform] [main] o.a.c.c.C.[Tomcat].[localhost].[/]       : Initializing Spring embedded WebApplicationContext
2025-03-05T15:35:25.746+05:00  INFO 9644 --- [Edu_platform] [main] w.s.c.ServletWebServerApplicationContext : Root WebApplicationContext: initialization completed in 1717 ms
2025-03-05T15:35:25.868+05:00  INFO 9644 --- [Edu_platform] [main] o.hibernate.jpa.internal.util.LogHelper  : HHH000204: Processing PersistenceUnitInfo [name: default]
2025-03-05T15:35:25.925+05:00  INFO 9644 --- [Edu_platform] [main] org.hibernate.Version                    : HHH000412: Hibernate ORM core version 6.6.5.Final
2025-03-05T15:35:25.953+05:00  INFO 9644 --- [Edu_platform] [main] o.h.c.internal.RegionFactoryInitiator    : HHH000026: Second-level cache disabled
2025-03-05T15:35:26.190+05:00  INFO 9644 --- [Edu_platform] [main] o.s.o.j.p.SpringPersistenceUnitInfo      : No LoadTimeWeaver setup: ignoring JPA class transformer
2025-03-05T15:35:26.214+05:00  INFO 9644 --- [Edu_platform] [main] com.zaxxer.hikari.HikariDataSource       : HikariPool-1 - Starting...
2025-03-05T15:35:26.372+05:00  INFO 9644 --- [Edu_platform] [main] com.zaxxer.hikari.pool.HikariPool        : HikariPool-1 - Added connection org.postgresql.jdbc.PgConnection@27a0e6ce
2025-03-05T15:35:26.374+05:00  INFO 9644 --- [Edu_platform] [main] com.zaxxer.hikari.HikariDataSource       : HikariPool-1 - Start completed.
2025-03-05T15:35:26.439+05:00  INFO 9644 --- [Edu_platform] [main] org.hibernate.orm.connections.pooling    : HHH10001005: Database info:
	Database JDBC URL [Connecting through datasource 'HikariDataSource (HikariPool-1)']
	Database driver: undefined/unknown
	Database version: 17.4
	Autocommit mode: undefined/unknown
	Isolation level: undefined/unknown
	Minimum pool size: undefined/unknown
	Maximum pool size: undefined/unknown
2025-03-05T15:35:27.845+05:00  INFO 9644 --- [Edu_platform] [main] o.h.e.t.j.p.i.JtaPlatformInitiator       : HHH000489: No JTA platform available (set 'hibernate.transaction.jta.platform' to enable JTA platform integration)
2025-03-05T15:35:28.010+05:00  INFO 9644 --- [Edu_platform] [main] j.LocalContainerEntityManagerFactoryBean : Initialized JPA EntityManagerFactory for persistence unit 'default'
2025-03-05T15:35:28.235+05:00  INFO 9644 --- [Edu_platform] [main] o.s.d.j.r.query.QueryEnhancerFactory     : Hibernate is in classpath; If applicable, HQL parser will be used.
2025-03-05T15:35:30.877+05:00  INFO 9644 --- [Edu_platform] [main] eAuthenticationProviderManagerConfigurer : Global AuthenticationManager configured with AuthenticationProvider bean with name authenticationProvider
2025-03-05T15:35:30.877+05:00  WARN 9644 --- [Edu_platform] [main] r$InitializeUserDetailsManagerConfigurer : Global AuthenticationManager configured with an AuthenticationProvider bean. UserDetailsService beans will not be used by Spring Security for automatically configuring username/password login. Consider removing the AuthenticationProvider bean. Alternatively, consider using the UserDetailsService in a manually instantiated DaoAuthenticationProvider. If the current configuration is intentional, to turn off this warning, increase the logging level of 'org.springframework.security.config.annotation.authentication.configuration.InitializeUserDetailsBeanManagerConfigurer' to ERROR
2025-03-05T15:35:30.968+05:00  INFO 9644 --- [Edu_platform] [main] o.s.b.a.w.s.WelcomePageHandlerMapping    : Adding welcome page: class path resource [static/index.html]
2025-03-05T15:35:31.515+05:00  INFO 9644 --- [Edu_platform] [main] o.s.m.s.b.SimpleBrokerMessageHandler     : Starting...
2025-03-05T15:35:31.515+05:00  INFO 9644 --- [Edu_platform] [main] o.s.m.s.b.SimpleBrokerMessageHandler     : BrokerAvailabilityEvent[available=true, SimpleBrokerMessageHandler [org.springframework.messaging.simp.broker.DefaultSubscriptionRegistry@14f8e7fd]]
2025-03-05T15:35:31.516+05:00  INFO 9644 --- [Edu_platform] [main] o.s.m.s.b.SimpleBrokerMessageHandler     : Started.
2025-03-05T15:35:31.544+05:00  INFO 9644 --- [Edu_platform] [main] o.s.b.w.embedded.tomcat.TomcatWebServer  : Tomcat started on port 8080 (http) with context path '/'
2025-03-05T15:35:31.554+05:00  INFO 9644 --- [Edu_platform] [main] u.s.edu_platform.EduPlatformApplication  : Started EduPlatformApplication in 8.001 seconds (process running for 8.599)
2025-03-05T15:36:31.520+05:00  INFO 9644 --- [Edu_platform] [MessageBroker-1] o.s.w.s.c.WebSocketMessageBrokerStats    : WebSocketSession[0 current WS(0)-HttpStream(0)-HttpPoll(0), 0 total, 0 closed abnormally (0 connect failure, 0 send limit, 0 transport error)], stompSubProtocol[processed CONNECT(0)-CONNECTED(0)-DISCONNECT(0)], stompBrokerRelay[null], inboundChannel[pool size = 0, active threads = 0, queued tasks = 0, completed tasks = 0], outboundChannel[pool size = 0, active threads = 0, queued tasks = 0, completed tasks = 0], sockJsScheduler[pool size = 1, active threads = 1, queued tasks = 0, completed tasks = 0]
2025-03-05T15:50:36.703+05:00  INFO 9644 --- [Edu_platform] [SpringApplicationShutdownHook] o.s.b.w.e.tomcat.GracefulShutdown        : Commencing graceful shutdown. Waiting for active requests to complete
2025-03-05T15:50:36.709+05:00  INFO 9644 --- [Edu_platform] [tomcat-shutdown] o.s.b.w.e.tomcat.GracefulShutdown        : Graceful shutdown complete
2025-03-05T15:50:36.713+05:00  INFO 9644 --- [Edu_platform] [SpringApplicationShutdownHook] o.s.m.s.b.SimpleBrokerMessageHandler     : Stopping...
2025-03-05T15:50:36.714+05:00  INFO 9644 --- [Edu_platform] [SpringApplicationShutdownHook] o.s.m.s.b.SimpleBrokerMessageHandler     : BrokerAvailabilityEvent[available=false, SimpleBrokerMessageHandler [org.springframework.messaging.simp.broker.DefaultSubscriptionRegistry@14f8e7fd]]
2025-03-05T15:50:36.714+05:00  INFO 9644 --- [Edu_platform] [SpringApplicationShutdownHook] o.s.m.s.b.SimpleBrokerMessageHandler     : Stopped.
2025-03-05T15:50:36.720+05:00  INFO 9644 --- [Edu_platform] [SpringApplicationShutdownHook] j.LocalContainerEntityManagerFactoryBean : Closing JPA EntityManagerFactory for persistence unit 'default'
2025-03-05T15:50:36.722+05:00  INFO 9644 --- [Edu_platform] [SpringApplicationShutdownHook] com.zaxxer.hikari.HikariDataSource       : HikariPool-1 - Shutdown initiated...
2025-03-05T15:50:36.725+05:00  INFO 9644 --- [Edu_platform] [SpringApplicationShutdownHook] com.zaxxer.hikari.HikariDataSource       : HikariPool-1 - Shutdown completed.
2025-03-05T15:50:40.981+05:00  INFO 5020 --- [Edu_platform] [main] u.s.edu_platform.EduPlatformApplication  : Starting EduPlatformApplication using Java 21.0.6 with PID 5020 (C:\Users\User\Desktop\edu_platform\target\classes started by User in C:\Users\User\Desktop\edu_platform)
2025-03-05T15:50:40.983+05:00  INFO 5020 --- [Edu_platform] [main] u.s.edu_platform.EduPlatformApplication  : No active profile set, falling back to 1 default profile: "default"
2025-03-05T15:50:41.883+05:00  INFO 5020 --- [Edu_platform] [main] .s.d.r.c.RepositoryConfigurationDelegate : Bootstrapping Spring Data JPA repositories in DEFAULT mode.
2025-03-05T15:50:41.984+05:00  INFO 5020 --- [Edu_platform] [main] .s.d.r.c.RepositoryConfigurationDelegate : Finished Spring Data repository scanning in 93 ms. Found 21 JPA repository interfaces.
2025-03-05T15:50:42.606+05:00  INFO 5020 --- [Edu_platform] [main] o.s.b.w.embedded.tomcat.TomcatWebServer  : Tomcat initialized with port 8080 (http)
2025-03-05T15:50:42.618+05:00  INFO 5020 --- [Edu_platform] [main] o.apache.catalina.core.StandardService   : Starting service [Tomcat]
2025-03-05T15:50:42.619+05:00  INFO 5020 --- [Edu_platform] [main] o.apache.catalina.core.StandardEngine    : Starting Servlet engine: [Apache Tomcat/10.1.34]
2025-03-05T15:50:42.692+05:00  INFO 5020 --- [Edu_platform] [main] o.a.c.c.C.[Tomcat].[localhost].[/]       : Initializing Spring embedded WebApplicationContext
2025-03-05T15:50:42.693+05:00  INFO 5020 --- [Edu_platform] [main] w.s.c.ServletWebServerApplicationContext : Root WebApplicationContext: initialization completed in 1673 ms
2025-03-05T15:50:42.838+05:00  INFO 5020 --- [Edu_platform] [main] o.hibernate.jpa.internal.util.LogHelper  : HHH000204: Processing PersistenceUnitInfo [name: default]
2025-03-05T15:50:42.896+05:00  INFO 5020 --- [Edu_platform] [main] org.hibernate.Version                    : HHH000412: Hibernate ORM core version 6.6.5.Final
2025-03-05T15:50:42.926+05:00  INFO 5020 --- [Edu_platform] [main] o.h.c.internal.RegionFactoryInitiator    : HHH000026: Second-level cache disabled
2025-03-05T15:50:43.177+05:00  INFO 5020 --- [Edu_platform] [main] o.s.o.j.p.SpringPersistenceUnitInfo      : No LoadTimeWeaver setup: ignoring JPA class transformer
2025-03-05T15:50:43.203+05:00  INFO 5020 --- [Edu_platform] [main] com.zaxxer.hikari.HikariDataSource       : HikariPool-1 - Starting...
2025-03-05T15:50:43.370+05:00  INFO 5020 --- [Edu_platform] [main] com.zaxxer.hikari.pool.HikariPool        : HikariPool-1 - Added connection org.postgresql.jdbc.PgConnection@111fe921
2025-03-05T15:50:43.373+05:00  INFO 5020 --- [Edu_platform] [main] com.zaxxer.hikari.HikariDataSource       : HikariPool-1 - Start completed.
2025-03-05T15:50:43.444+05:00  INFO 5020 --- [Edu_platform] [main] org.hibernate.orm.connections.pooling    : HHH10001005: Database info:
	Database JDBC URL [Connecting through datasource 'HikariDataSource (HikariPool-1)']
	Database driver: undefined/unknown
	Database version: 17.4
	Autocommit mode: undefined/unknown
	Isolation level: undefined/unknown
	Minimum pool size: undefined/unknown
	Maximum pool size: undefined/unknown
2025-03-05T15:50:44.866+05:00  INFO 5020 --- [Edu_platform] [main] o.h.e.t.j.p.i.JtaPlatformInitiator       : HHH000489: No JTA platform available (set 'hibernate.transaction.jta.platform' to enable JTA platform integration)
2025-03-05T15:50:46.512+05:00  INFO 5020 --- [Edu_platform] [main] j.LocalContainerEntityManagerFactoryBean : Initialized JPA EntityManagerFactory for persistence unit 'default'
2025-03-05T15:50:46.741+05:00  INFO 5020 --- [Edu_platform] [main] o.s.d.j.r.query.QueryEnhancerFactory     : Hibernate is in classpath; If applicable, HQL parser will be used.
2025-03-05T15:50:49.324+05:00  INFO 5020 --- [Edu_platform] [main] eAuthenticationProviderManagerConfigurer : Global AuthenticationManager configured with AuthenticationProvider bean with name authenticationProvider
2025-03-05T15:50:49.325+05:00  WARN 5020 --- [Edu_platform] [main] r$InitializeUserDetailsManagerConfigurer : Global AuthenticationManager configured with an AuthenticationProvider bean. UserDetailsService beans will not be used by Spring Security for automatically configuring username/password login. Consider removing the AuthenticationProvider bean. Alternatively, consider using the UserDetailsService in a manually instantiated DaoAuthenticationProvider. If the current configuration is intentional, to turn off this warning, increase the logging level of 'org.springframework.security.config.annotation.authentication.configuration.InitializeUserDetailsBeanManagerConfigurer' to ERROR
2025-03-05T15:50:49.416+05:00  INFO 5020 --- [Edu_platform] [main] o.s.b.a.w.s.WelcomePageHandlerMapping    : Adding welcome page: class path resource [static/index.html]
2025-03-05T15:50:49.967+05:00  INFO 5020 --- [Edu_platform] [main] o.s.m.s.b.SimpleBrokerMessageHandler     : Starting...
2025-03-05T15:50:49.968+05:00  INFO 5020 --- [Edu_platform] [main] o.s.m.s.b.SimpleBrokerMessageHandler     : BrokerAvailabilityEvent[available=true, SimpleBrokerMessageHandler [org.springframework.messaging.simp.broker.DefaultSubscriptionRegistry@e7906af]]
2025-03-05T15:50:49.969+05:00  INFO 5020 --- [Edu_platform] [main] o.s.m.s.b.SimpleBrokerMessageHandler     : Started.
2025-03-05T15:50:49.984+05:00  INFO 5020 --- [Edu_platform] [main] o.s.b.w.embedded.tomcat.TomcatWebServer  : Tomcat started on port 8080 (http) with context path '/'
2025-03-05T15:50:49.992+05:00  INFO 5020 --- [Edu_platform] [main] u.s.edu_platform.EduPlatformApplication  : Started EduPlatformApplication in 9.472 seconds (process running for 10.017)
2025-03-05T15:51:49.964+05:00  INFO 5020 --- [Edu_platform] [MessageBroker-1] o.s.w.s.c.WebSocketMessageBrokerStats    : WebSocketSession[0 current WS(0)-HttpStream(0)-HttpPoll(0), 0 total, 0 closed abnormally (0 connect failure, 0 send limit, 0 transport error)], stompSubProtocol[processed CONNECT(0)-CONNECTED(0)-DISCONNECT(0)], stompBrokerRelay[null], inboundChannel[pool size = 0, active threads = 0, queued tasks = 0, completed tasks = 0], outboundChannel[pool size = 0, active threads = 0, queued tasks = 0, completed tasks = 0], sockJsScheduler[pool size = 1, active threads = 1, queued tasks = 0, completed tasks = 0]
